C:\Program Files\Microsoft Visual Studio\2022\Community\MSBuild\Microsoft\VC\v170\Microsoft.CppBuild.targets(517,5): warning MSB8028: The intermediate directory (x64\Debug\) contains files shared from another project (Devour Imgui.vcxproj).  This can lead to incorrect clean and rebuild behavior.
C:\Program Files\Microsoft Visual Studio\2022\Community\MSBuild\Microsoft\VC\v170\Microsoft.CppBuild.targets(1101,5): warning MSB8027: Two or more files with the name of Callback.cpp will produce outputs to the same location. This can lead to an incorrect build result.  The files involved are ..\Il2cpp_Resolver\Functions\Callback.cpp, Callback.cpp.
  main.cpp
C:\Program Files (x86)\Microsoft DirectX SDK (June 2010)\Include\dxgitype.h(12,1): warning C4005: 'DXGI_STATUS_OCCLUDED': macro redefinition
C:\Program Files (x86)\Windows Kits\10\Include\10.0.22621.0\shared\winerror.h(58019,1): message : see previous definition of 'DXGI_STATUS_OCCLUDED'
C:\Program Files (x86)\Microsoft DirectX SDK (June 2010)\Include\dxgitype.h(13,1): warning C4005: 'DXGI_STATUS_CLIPPED': macro redefinition
C:\Program Files (x86)\Windows Kits\10\Include\10.0.22621.0\shared\winerror.h(58028,1): message : see previous definition of 'DXGI_STATUS_CLIPPED'
C:\Program Files (x86)\Microsoft DirectX SDK (June 2010)\Include\dxgitype.h(14,1): warning C4005: 'DXGI_STATUS_NO_REDIRECTION': macro redefinition
C:\Program Files (x86)\Windows Kits\10\Include\10.0.22621.0\shared\winerror.h(58037,1): message : see previous definition of 'DXGI_STATUS_NO_REDIRECTION'
C:\Program Files (x86)\Microsoft DirectX SDK (June 2010)\Include\dxgitype.h(15,1): warning C4005: 'DXGI_STATUS_NO_DESKTOP_ACCESS': macro redefinition
C:\Program Files (x86)\Windows Kits\10\Include\10.0.22621.0\shared\winerror.h(58046,1): message : see previous definition of 'DXGI_STATUS_NO_DESKTOP_ACCESS'
C:\Program Files (x86)\Microsoft DirectX SDK (June 2010)\Include\dxgitype.h(16,1): warning C4005: 'DXGI_STATUS_GRAPHICS_VIDPN_SOURCE_IN_USE': macro redefinition
C:\Program Files (x86)\Windows Kits\10\Include\10.0.22621.0\shared\winerror.h(58055,1): message : see previous definition of 'DXGI_STATUS_GRAPHICS_VIDPN_SOURCE_IN_USE'
C:\Program Files (x86)\Microsoft DirectX SDK (June 2010)\Include\dxgitype.h(17,1): warning C4005: 'DXGI_STATUS_MODE_CHANGED': macro redefinition
C:\Program Files (x86)\Windows Kits\10\Include\10.0.22621.0\shared\winerror.h(58064,1): message : see previous definition of 'DXGI_STATUS_MODE_CHANGED'
C:\Program Files (x86)\Microsoft DirectX SDK (June 2010)\Include\dxgitype.h(18,1): warning C4005: 'DXGI_STATUS_MODE_CHANGE_IN_PROGRESS': macro redefinition
C:\Program Files (x86)\Windows Kits\10\Include\10.0.22621.0\shared\winerror.h(58073,1): message : see previous definition of 'DXGI_STATUS_MODE_CHANGE_IN_PROGRESS'
C:\Program Files (x86)\Microsoft DirectX SDK (June 2010)\Include\dxgitype.h(21,1): warning C4005: 'DXGI_ERROR_INVALID_CALL': macro redefinition
C:\Program Files (x86)\Windows Kits\10\Include\10.0.22621.0\shared\winerror.h(58088,1): message : see previous definition of 'DXGI_ERROR_INVALID_CALL'
C:\Program Files (x86)\Microsoft DirectX SDK (June 2010)\Include\dxgitype.h(22,1): warning C4005: 'DXGI_ERROR_NOT_FOUND': macro redefinition
C:\Program Files (x86)\Windows Kits\10\Include\10.0.22621.0\shared\winerror.h(58097,1): message : see previous definition of 'DXGI_ERROR_NOT_FOUND'
C:\Program Files (x86)\Microsoft DirectX SDK (June 2010)\Include\dxgitype.h(23,1): warning C4005: 'DXGI_ERROR_MORE_DATA': macro redefinition
C:\Program Files (x86)\Windows Kits\10\Include\10.0.22621.0\shared\winerror.h(58106,1): message : see previous definition of 'DXGI_ERROR_MORE_DATA'
C:\Program Files (x86)\Microsoft DirectX SDK (June 2010)\Include\dxgitype.h(24,1): warning C4005: 'DXGI_ERROR_UNSUPPORTED': macro redefinition
C:\Program Files (x86)\Windows Kits\10\Include\10.0.22621.0\shared\winerror.h(58115,1): message : see previous definition of 'DXGI_ERROR_UNSUPPORTED'
C:\Program Files (x86)\Microsoft DirectX SDK (June 2010)\Include\dxgitype.h(25,1): warning C4005: 'DXGI_ERROR_DEVICE_REMOVED': macro redefinition
C:\Program Files (x86)\Windows Kits\10\Include\10.0.22621.0\shared\winerror.h(58124,1): message : see previous definition of 'DXGI_ERROR_DEVICE_REMOVED'
C:\Program Files (x86)\Microsoft DirectX SDK (June 2010)\Include\dxgitype.h(26,1): warning C4005: 'DXGI_ERROR_DEVICE_HUNG': macro redefinition
C:\Program Files (x86)\Windows Kits\10\Include\10.0.22621.0\shared\winerror.h(58133,1): message : see previous definition of 'DXGI_ERROR_DEVICE_HUNG'
C:\Program Files (x86)\Microsoft DirectX SDK (June 2010)\Include\dxgitype.h(27,1): warning C4005: 'DXGI_ERROR_DEVICE_RESET': macro redefinition
C:\Program Files (x86)\Windows Kits\10\Include\10.0.22621.0\shared\winerror.h(58143,1): message : see previous definition of 'DXGI_ERROR_DEVICE_RESET'
C:\Program Files (x86)\Microsoft DirectX SDK (June 2010)\Include\dxgitype.h(28,1): warning C4005: 'DXGI_ERROR_WAS_STILL_DRAWING': macro redefinition
C:\Program Files (x86)\Windows Kits\10\Include\10.0.22621.0\shared\winerror.h(58152,1): message : see previous definition of 'DXGI_ERROR_WAS_STILL_DRAWING'
C:\Program Files (x86)\Microsoft DirectX SDK (June 2010)\Include\dxgitype.h(29,1): warning C4005: 'DXGI_ERROR_FRAME_STATISTICS_DISJOINT': macro redefinition
C:\Program Files (x86)\Windows Kits\10\Include\10.0.22621.0\shared\winerror.h(58162,1): message : see previous definition of 'DXGI_ERROR_FRAME_STATISTICS_DISJOINT'
C:\Program Files (x86)\Microsoft DirectX SDK (June 2010)\Include\dxgitype.h(30,1): warning C4005: 'DXGI_ERROR_GRAPHICS_VIDPN_SOURCE_IN_USE': macro redefinition
C:\Program Files (x86)\Windows Kits\10\Include\10.0.22621.0\shared\winerror.h(58171,1): message : see previous definition of 'DXGI_ERROR_GRAPHICS_VIDPN_SOURCE_IN_USE'
C:\Program Files (x86)\Microsoft DirectX SDK (June 2010)\Include\dxgitype.h(31,1): warning C4005: 'DXGI_ERROR_DRIVER_INTERNAL_ERROR': macro redefinition
C:\Program Files (x86)\Windows Kits\10\Include\10.0.22621.0\shared\winerror.h(58181,1): message : see previous definition of 'DXGI_ERROR_DRIVER_INTERNAL_ERROR'
C:\Program Files (x86)\Microsoft DirectX SDK (June 2010)\Include\dxgitype.h(32,1): warning C4005: 'DXGI_ERROR_NONEXCLUSIVE': macro redefinition
C:\Program Files (x86)\Windows Kits\10\Include\10.0.22621.0\shared\winerror.h(58190,1): message : see previous definition of 'DXGI_ERROR_NONEXCLUSIVE'
C:\Program Files (x86)\Microsoft DirectX SDK (June 2010)\Include\dxgitype.h(33,1): warning C4005: 'DXGI_ERROR_NOT_CURRENTLY_AVAILABLE': macro redefinition
C:\Program Files (x86)\Windows Kits\10\Include\10.0.22621.0\shared\winerror.h(58199,1): message : see previous definition of 'DXGI_ERROR_NOT_CURRENTLY_AVAILABLE'
C:\Program Files (x86)\Microsoft DirectX SDK (June 2010)\Include\dxgitype.h(34,1): warning C4005: 'DXGI_ERROR_REMOTE_CLIENT_DISCONNECTED': macro redefinition
C:\Program Files (x86)\Windows Kits\10\Include\10.0.22621.0\shared\winerror.h(58209,1): message : see previous definition of 'DXGI_ERROR_REMOTE_CLIENT_DISCONNECTED'
C:\Program Files (x86)\Microsoft DirectX SDK (June 2010)\Include\dxgitype.h(35,1): warning C4005: 'DXGI_ERROR_REMOTE_OUTOFMEMORY': macro redefinition
C:\Program Files (x86)\Windows Kits\10\Include\10.0.22621.0\shared\winerror.h(58218,1): message : see previous definition of 'DXGI_ERROR_REMOTE_OUTOFMEMORY'
C:\Program Files (x86)\Microsoft DirectX SDK (June 2010)\Include\d3d11.h(917,1): warning C4005: 'D3D11_ERROR_TOO_MANY_UNIQUE_STATE_OBJECTS': macro redefinition
C:\Program Files (x86)\Windows Kits\10\Include\10.0.22621.0\shared\winerror.h(58524,1): message : see previous definition of 'D3D11_ERROR_TOO_MANY_UNIQUE_STATE_OBJECTS'
C:\Program Files (x86)\Microsoft DirectX SDK (June 2010)\Include\d3d11.h(918,1): warning C4005: 'D3D11_ERROR_FILE_NOT_FOUND': macro redefinition
C:\Program Files (x86)\Windows Kits\10\Include\10.0.22621.0\shared\winerror.h(58533,1): message : see previous definition of 'D3D11_ERROR_FILE_NOT_FOUND'
C:\Program Files (x86)\Microsoft DirectX SDK (June 2010)\Include\d3d11.h(919,1): warning C4005: 'D3D11_ERROR_TOO_MANY_UNIQUE_VIEW_OBJECTS': macro redefinition
C:\Program Files (x86)\Windows Kits\10\Include\10.0.22621.0\shared\winerror.h(58543,1): message : see previous definition of 'D3D11_ERROR_TOO_MANY_UNIQUE_VIEW_OBJECTS'
C:\Program Files (x86)\Microsoft DirectX SDK (June 2010)\Include\d3d11.h(920,1): warning C4005: 'D3D11_ERROR_DEFERRED_CONTEXT_MAP_WITHOUT_INITIAL_DISCARD': macro redefinition
C:\Program Files (x86)\Windows Kits\10\Include\10.0.22621.0\shared\winerror.h(58552,1): message : see previous definition of 'D3D11_ERROR_DEFERRED_CONTEXT_MAP_WITHOUT_INITIAL_DISCARD'
C:\Program Files (x86)\Microsoft DirectX SDK (June 2010)\Include\d3d10.h(608,1): warning C4005: 'D3D10_ERROR_TOO_MANY_UNIQUE_STATE_OBJECTS': macro redefinition
C:\Program Files (x86)\Windows Kits\10\Include\10.0.22621.0\shared\winerror.h(58500,1): message : see previous definition of 'D3D10_ERROR_TOO_MANY_UNIQUE_STATE_OBJECTS'
C:\Program Files (x86)\Microsoft DirectX SDK (June 2010)\Include\d3d10.h(609,1): warning C4005: 'D3D10_ERROR_FILE_NOT_FOUND': macro redefinition
C:\Program Files (x86)\Windows Kits\10\Include\10.0.22621.0\shared\winerror.h(58509,1): message : see previous definition of 'D3D10_ERROR_FILE_NOT_FOUND'
C:\Users\kcxac\Documents\CombatMasters Chair\ImGui DirectX 11 Kiero Hook\vec.h(226,14): warning C4244: 'return': conversion from 'double' to 'float', possible loss of data
C:\Users\kcxac\Documents\CombatMasters Chair\ImGui DirectX 11 Kiero Hook\PaternScan.hpp(24,13): warning C4018: '>=': signed/unsigned mismatch
C:\Users\kcxac\Documents\CombatMasters Chair\ImGui DirectX 11 Kiero Hook\main.cpp(164,34): warning C4244: '=': conversion from 'ULONGLONG' to 'DWORD', possible loss of data
C:\Users\kcxac\Documents\CombatMasters Chair\ImGui DirectX 11 Kiero Hook\main.cpp(442,20): warning C4244: 'initializing': conversion from 'ULONGLONG' to 'DWORD', possible loss of data
C:\Users\kcxac\Documents\CombatMasters Chair\ImGui DirectX 11 Kiero Hook\main.cpp(619,24): warning C4244: 'initializing': conversion from 'int' to 'float', possible loss of data
C:\Users\kcxac\Documents\CombatMasters Chair\ImGui DirectX 11 Kiero Hook\main.cpp(622,19): warning C4244: 'initializing': conversion from 'double' to 'float', possible loss of data
C:\Users\kcxac\Documents\CombatMasters Chair\ImGui DirectX 11 Kiero Hook\main.cpp(625,80): warning C4244: 'argument': conversion from 'float' to 'int', possible loss of data
C:\Users\kcxac\Documents\CombatMasters Chair\ImGui DirectX 11 Kiero Hook\main.cpp(625,43): warning C4244: 'argument': conversion from 'double' to 'float', possible loss of data
C:\Users\kcxac\Documents\CombatMasters Chair\ImGui DirectX 11 Kiero Hook\main.cpp(639,75): warning C4244: 'argument': conversion from 'const int' to 'float', possible loss of data
C:\Users\kcxac\Documents\CombatMasters Chair\ImGui DirectX 11 Kiero Hook\main.cpp(639,54): warning C4244: 'argument': conversion from 'const int' to 'float', possible loss of data
C:\Users\kcxac\Documents\CombatMasters Chair\ImGui DirectX 11 Kiero Hook\main.cpp(812,102): warning C4244: 'argument': conversion from 'float' to 'int', possible loss of data
C:\Users\kcxac\Documents\CombatMasters Chair\ImGui DirectX 11 Kiero Hook\main.cpp(995,16): warning C4244: 'argument': conversion from 'time_t' to 'unsigned int', possible loss of data
C:\Users\kcxac\Documents\CombatMasters Chair\ImGui DirectX 11 Kiero Hook\main.cpp(1121,38): warning C4305: '=': truncation from 'double' to 'float'
C:\Users\kcxac\Documents\CombatMasters Chair\ImGui DirectX 11 Kiero Hook\functions.h(109): warning C4715: 'Functions::worldtoscreen': not all control paths return a value
  ImGui DirectX 11 Kiero Hook.vcxproj -> C:\Users\kcxac\Documents\CombatMasters Chair\x64\Debug\Combat.dll
