c:\users\kcxac\documents\combatmasters chair\imgui directx 11 kiero hook\x64\release\vc143.pdb
c:\users\kcxac\documents\combatmasters chair\imgui directx 11 kiero hook\x64\release\imgui.obj
c:\users\kcxac\documents\combatmasters chair\imgui directx 11 kiero hook\x64\release\dumper.obj
c:\users\kcxac\documents\combatmasters chair\imgui directx 11 kiero hook\x64\release\callback.obj
c:\users\kcxac\documents\combatmasters chair\imgui directx 11 kiero hook\x64\release\helper.obj
c:\users\kcxac\documents\combatmasters chair\imgui directx 11 kiero hook\x64\release\obfuscators.obj
c:\users\kcxac\documents\combatmasters chair\imgui directx 11 kiero hook\x64\release\_template_api.obj
c:\users\kcxac\documents\combatmasters chair\imgui directx 11 kiero hook\x64\release\transform.obj
c:\users\kcxac\documents\combatmasters chair\imgui directx 11 kiero hook\x64\release\rigidbody.obj
c:\users\kcxac\documents\combatmasters chair\imgui directx 11 kiero hook\x64\release\object.obj
c:\users\kcxac\documents\combatmasters chair\imgui directx 11 kiero hook\x64\release\layermask.obj
c:\users\kcxac\documents\combatmasters chair\imgui directx 11 kiero hook\x64\release\gameobject.obj
c:\users\kcxac\documents\combatmasters chair\imgui directx 11 kiero hook\x64\release\component.obj
c:\users\kcxac\documents\combatmasters chair\imgui directx 11 kiero hook\x64\release\camera.obj
c:\users\kcxac\documents\combatmasters chair\imgui directx 11 kiero hook\x64\release\il2cpp_resolver.obj
c:\users\kcxac\documents\combatmasters chair\imgui directx 11 kiero hook\x64\release\thread.obj
c:\users\kcxac\documents\combatmasters chair\imgui directx 11 kiero hook\x64\release\string.obj
c:\users\kcxac\documents\combatmasters chair\imgui directx 11 kiero hook\x64\release\class.obj
c:\users\kcxac\documents\combatmasters chair\imgui directx 11 kiero hook\x64\release\data.obj
c:\users\kcxac\documents\combatmasters chair\imgui directx 11 kiero hook\x64\release\cache.obj
c:\users\kcxac\documents\combatmasters chair\imgui directx 11 kiero hook\x64\release\vec2.obj
c:\users\kcxac\documents\combatmasters chair\imgui directx 11 kiero hook\x64\release\main.obj
c:\users\kcxac\documents\combatmasters chair\imgui directx 11 kiero hook\x64\release\kiero.obj
c:\users\kcxac\documents\combatmasters chair\imgui directx 11 kiero hook\x64\release\imgui_widgets.obj
c:\users\kcxac\documents\combatmasters chair\imgui directx 11 kiero hook\x64\release\imgui_impl_win32.obj
c:\users\kcxac\documents\combatmasters chair\imgui directx 11 kiero hook\x64\release\imgui_impl_dx11.obj
c:\users\kcxac\documents\combatmasters chair\imgui directx 11 kiero hook\x64\release\imgui_draw.obj
c:\users\kcxac\documents\combatmasters chair\imgui directx 11 kiero hook\x64\release\imgui_demo.obj
c:\users\kcxac\documents\combatmasters chair\imgui directx 11 kiero hook\x64\release\trampoline.obj
c:\users\kcxac\documents\combatmasters chair\imgui directx 11 kiero hook\x64\release\hook.obj
c:\users\kcxac\documents\combatmasters chair\imgui directx 11 kiero hook\x64\release\hde64.obj
c:\users\kcxac\documents\combatmasters chair\imgui directx 11 kiero hook\x64\release\hde32.obj
c:\users\kcxac\documents\combatmasters chair\imgui directx 11 kiero hook\x64\release\buffer.obj
c:\users\kcxac\documents\combatmasters chair\x64\release\combat.dll
c:\users\kcxac\documents\combatmasters chair\imgui directx 11 kiero hook\x64\release\combat.ipdb
c:\users\kcxac\documents\combatmasters chair\x64\release\combat.pdb
c:\users\kcxac\documents\combatmasters chair\imgui directx 11 kiero hook\x64\release\combat.iobj
c:\users\kcxac\documents\combatmasters chair\imgui directx 11 kiero hook\x64\release\minhook.res
c:\users\kcxac\documents\combatmasters chair\imgui directx 11 kiero hook\x64\release\combat.tlog\cl.command.1.tlog
c:\users\kcxac\documents\combatmasters chair\imgui directx 11 kiero hook\x64\release\combat.tlog\cl.read.1.tlog
c:\users\kcxac\documents\combatmasters chair\imgui directx 11 kiero hook\x64\release\combat.tlog\cl.write.1.tlog
c:\users\kcxac\documents\combatmasters chair\imgui directx 11 kiero hook\x64\release\combat.tlog\link.command.1.tlog
c:\users\kcxac\documents\combatmasters chair\imgui directx 11 kiero hook\x64\release\combat.tlog\link.read.1.tlog
c:\users\kcxac\documents\combatmasters chair\imgui directx 11 kiero hook\x64\release\combat.tlog\link.write.1.tlog
c:\users\kcxac\documents\combatmasters chair\imgui directx 11 kiero hook\x64\release\combat.tlog\rc.command.1.tlog
c:\users\kcxac\documents\combatmasters chair\imgui directx 11 kiero hook\x64\release\combat.tlog\rc.read.1.tlog
c:\users\kcxac\documents\combatmasters chair\imgui directx 11 kiero hook\x64\release\combat.tlog\rc.write.1.tlog
